
  ___  ____  ____  ____  ____ ®
 /__    /   ____/   /   ____/      17.0
___/   /   /___/   /   /___/       SE—Standard Edition

 Statistics and Data Science       Copyright 1985-2021 StataCorp LLC
                                   StataCorp
                                   4905 Lakeway Drive
                                   College Station, Texas 77845 USA
                                   800-STATA-PC        https://www.stata.com
                                   979-696-4600        stata@stata.com

Stata license: Unlimited-user network, expiring 13 Jun 2026
Serial number: 401909324566
  Licensed to: Kellogg Information Systems
               Kellogg School of Management

Notes:
      1. Stata is running in batch mode.
      2. Unicode is supported; see help unicode_advice.
      3. Maximum number of variables is set to 5,000; see help set_maxvar.

. do C:/Users/ghh2570/Dropbox/fintech_fee_nber/scripts/15b_survey_measure_table
> s.do 

. *****************************************************************************
> ***
. * Author: Mohammad Atif Haidry
. * File name: 15b_survey_measures_tables.do 
. * Files used:
. *    proc/survey_successful_heterogeneity.dta
. * Files created:
. *    results/tables/romano_p_antrem_unantrem.tex
. *    results/tables/romano_p_unantrem_norem.tex
. * Purpose:
. *    Run Romano–Wolf corrections on survey‐measure × treatment interactions
. *    and export adjusted p-values to LaTeX tables.
. *****************************************************************************
> ***
. 
. clear

. 
. // 1. Fixing path for exact stata packages
. tokenize `"$S_ADO"', parse(";")

. while `"`1'"' != "" {
  2.     if `"`1'"'!="BASE" cap adopath - `"`1'"'
  3.     macro shift
  4. }

. 
. adopath ++ "`c(pwd)'/scripts/programs/"
  [1]              "C:\Users\ghh2570\Dropbox\fintech_fee_nber/scripts/programs/
> "
  [2]  (BASE)      "C:\PROGRA~1\Stata17\ado\base/"

. 
. use "proc/survey_successful_heterogeneity.dta", clear

. 
. generate accepted = accepted_offer_late

. generate trust = trust_scale_1_binary

. generate anticipated = anticipated_reminder

. generate unanticipated = unanticipated_reminder

. generate trust_anticipated = trust*anticipated

. generate trust_unanticipated = trust*unanticipated

. 
. generate reciprocity = reciprocity_scale_binary

. generate recip_anticipated = reciprocity*anticipated

. generate recip_unanticipated = reciprocity*unanticipated

. 
. generate procrastination = procrastination_scale_binary

. generate procr_anticipated = procrastination*anticipated

. generate procr_unanticipated = procrastination*unanticipated

. 
. 
. generate memory = memory_scale_1_binary

. generate memor_anticipated = memory*anticipated

. generate memor_unanticipated = memory*unanticipated

. 
. generate overconfidence = memory_scale_2_binary

. generate overc_anticipated = overconfidence*anticipated

. generate overc_unanticipated = overconfidence*unanticipated

. 
. generate attention = attention_scale_binary

. generate atten_anticipated = attention*anticipated

. generate atten_unanticipated = attention*unanticipated

. 
. 
. 
. rwolf2 (reghdfe accepted trust anticipated trust_anticipated if anticipated =
> = 1 | unanticipated == 1, noabsorb vce(robust)) (reghdfe accepted reciprocity
>  anticipated recip_anticipated if anticipated == 1 | unanticipated == 1, noab
> sorb vce(robust)) (reghdfe accepted procrastination anticipated procr_anticip
> ated if anticipated == 1 | unanticipated == 1, noabsorb vce(robust)) (reghdfe
>  accepted memory anticipated memor_anticipated if anticipated == 1 | unantici
> pated == 1, noabsorb vce(robust)) (reghdfe accepted overconfidence anticipate
> d overc_anticipated if anticipated == 1 | unanticipated == 1, noabsorb vce(ro
> bust)) (reghdfe accepted attention anticipated atten_anticipated if anticipat
> ed == 1 | unanticipated == 1, noabsorb vce(robust)), indepvars(trust_anticipa
> ted, recip_anticipated, procr_anticipated, memor_anticipated, overc_anticipat
> ed, atten_anticipated) reps(1000) seed(8888)
Bootstrap replications (1000). This may take some time.
----+--- 1 ---+--- 2 ---+--- 3 ---+--- 4 ---+--- 5
..................................................     50
..................................................     100
..................................................     150
..................................................     200
..................................................     250
..................................................     300
..................................................     350
..................................................     400
..................................................     450
..................................................     500
..................................................     550
..................................................     600
..................................................     650
..................................................     700
..................................................     750
..................................................     800
..................................................     850
..................................................     900
..................................................     950
..................................................     1000


Romano-Wolf step-down adjusted p-values
Number of resamples: 1000


------------------------------------------------------------------------------
                | Model p-value    Resample p-value    Romano-Wolf p-value
----------------+-------------------------------------------------------------
accepted        |     
trust_anticipated |     0.0028             0.0050              0.0290
------------------------------------------------------------------------------
accepted        |     
recip_anticipated |     0.9671             0.9660              0.9980
------------------------------------------------------------------------------
accepted        |     
procr_anticipated |     0.5202             0.5145              0.8881
------------------------------------------------------------------------------
accepted        |     
memor_anticipated |     0.9463             0.9381              0.9980
------------------------------------------------------------------------------
accepted        |     
overc_anticipated |     0.0960             0.0969              0.4106
------------------------------------------------------------------------------
accepted        |     
atten_anticipated |     0.2789             0.2877              0.7033
------------------------------------------------------------------------------



. 
. matrix RW_pvalues = e(RW)

. matrix list RW_pvalues

RW_pvalues[6,3]
           c1         c2         c3
r1  .00276492    .004995  .02897103
r2   .9670976  .96603397    .998002
r3  .52022713  .51448551  .88811189
r4  .94627729  .93806194    .998002
r5  .09603724   .0969031  .41058941
r6  .27892629  .28771229   .7032967

. matrix colnames RW_pvalues = "Model p-value" "Resample p-value" "Romano-Wolf 
> p-value"

. matrix rownames RW_pvalues = "Trust x Announced" "Reciprocity x Announced" "P
> rocrastination x Announced" "Memory x Announced" "Overconfidence x Announced"
>  "Attention x Announced"

. 
. matrix list RW_pvalues

RW_pvalues[6,3]
              Model p-va~e  Resample p~e  Romano-Wol~e
Trust x An~d     .00276492       .004995     .02897103
Reciprocit~d      .9670976     .96603397       .998002
Procrastin~d     .52022713     .51448551     .88811189
Memory x A~d     .94627729     .93806194       .998002
Overconfid~d     .09603724      .0969031     .41058941
Attention ~d     .27892629     .28771229      .7032967

. esttab matrix(RW_pvalues) using "results/tables/romano_p_antrem_unantrem.tex"
file results/tables/romano_p_antrem_unantrem.tex already exists
r(602);

end of do-file
r(602);
