The following folder(s) appear to be left-over temporary directories:
- "C:/Users/ghh2570/Dropbox/fintech_fee_nber/renv/library/R-4.3/x86_64-w64-mingw32/file3a5812e76964"
- "C:/Users/ghh2570/Dropbox/fintech_fee_nber/renv/library/R-4.3/x86_64-w64-mingw32/file3a5820c456aa"
- "C:/Users/ghh2570/Dropbox/fintech_fee_nber/renv/library/R-4.3/x86_64-w64-mingw32/file3a582d394427"
- "C:/Users/ghh2570/Dropbox/fintech_fee_nber/renv/library/R-4.3/x86_64-w64-mingw32/file3a582de45d26"
- "C:/Users/ghh2570/Dropbox/fintech_fee_nber/renv/library/R-4.3/x86_64-w64-mingw32/file4bc8406744a4"
Consider removing these folders from your R library.

The following package(s) are missing their DESCRIPTION files:
- bigD        [C:/Users/ghh2570/Dropbox/fintech_fee_nber/renv/library/R-4.3/x86_64-w64-mingw32/bigD]
- bitops      [C:/Users/ghh2570/Dropbox/fintech_fee_nber/renv/library/R-4.3/x86_64-w64-mingw32/bitops]
- doParallel  [C:/Users/ghh2570/Dropbox/fintech_fee_nber/renv/library/R-4.3/x86_64-w64-mingw32/doParallel]
- gt          [C:/Users/ghh2570/Dropbox/fintech_fee_nber/renv/library/R-4.3/x86_64-w64-mingw32/gt]
- htmlwidgets [C:/Users/ghh2570/Dropbox/fintech_fee_nber/renv/library/R-4.3/x86_64-w64-mingw32/htmlwidgets]
- juicyjuice  [C:/Users/ghh2570/Dropbox/fintech_fee_nber/renv/library/R-4.3/x86_64-w64-mingw32/juicyjuice]
- reactable   [C:/Users/ghh2570/Dropbox/fintech_fee_nber/renv/library/R-4.3/x86_64-w64-mingw32/reactable]
- reactR      [C:/Users/ghh2570/Dropbox/fintech_fee_nber/renv/library/R-4.3/x86_64-w64-mingw32/reactR]
- V8          [C:/Users/ghh2570/Dropbox/fintech_fee_nber/renv/library/R-4.3/x86_64-w64-mingw32/V8]
These may be left over from a prior, failed installation attempt.
Consider removing or reinstalling these packages.

- The project is out-of-sync -- use `renv::status()` for details.
- The library is already synchronized with the lockfile.
here() starts at C:/Users/ghh2570/Dropbox/fintech_fee_nber
- The library is already synchronized with the lockfile.
Julia version 1.9.4 at location C:\Users\ghh2570\AppData\Roaming\R\data\R\JULIAC~1\julia\19CB63~1.4\JULIA-~1.4\bin will be used.
Loading setup script for JuliaCall...
Finish loading setup script for JuliaCall.
Warning message:
package 'JuliaCall' was built under R version 4.3.3 
── Attaching core tidyverse packages ──────────────────────── tidyverse 2.0.0 ──
✔ dplyr     1.1.2     ✔ readr     2.1.4
✔ forcats   1.0.0     ✔ stringr   1.5.0
✔ ggplot2   3.4.2     ✔ tibble    3.2.1
✔ lubridate 1.9.2     ✔ tidyr     1.3.0
✔ purrr     1.0.1     
── Conflicts ────────────────────────────────────────── tidyverse_conflicts() ──
✖ dplyr::filter() masks stats::filter()
✖ dplyr::lag()    masks stats::lag()
ℹ Use the conflicted package (<http://conflicted.r-lib.org/>) to force all conflicts to become errors

Attaching package: 'data.table'

The following objects are masked from 'package:lubridate':

    hour, isoweek, mday, minute, month, quarter, second, wday, week,
    yday, year

The following objects are masked from 'package:dplyr':

    between, first, last

The following object is masked from 'package:purrr':

    transpose


Attaching package: 'magrittr'

The following object is masked from 'package:purrr':

    set_names

The following object is masked from 'package:tidyr':

    extract


Attaching package: 'assertthat'

The following object is masked from 'package:tibble':

    has_name

[conflicted] Will prefer dplyr::filter over any other package.
[conflicted] Will prefer lubridate::month over any other package.
[conflicted] Will prefer lubridate::year over any other package.
`summarise()` has grouped output by 'organization_uuid', 'month'. You can
override using the `.groups` argument.
`summarise()` has grouped output by 'organization_uuid'. You can override using
the `.groups` argument.
Rows: 2000446 Columns: 6
── Column specification ────────────────────────────────────────────────────────
Delimiter: ","
chr  (3): organization_uuid, customer_status, current_commission_model
dbl  (2): nr_valid_payments, valid_volume
date (1): timestamp_month

ℹ Use `spec()` to retrieve the full column specification for this data.
ℹ Specify the column types or set `show_col_types = FALSE` to quiet this message.
Rows: 47625 Columns: 14
── Column specification ────────────────────────────────────────────────────────
Delimiter: ","
chr  (5): organization_uuid, customer_type, business_type_description, genre...
dbl  (7): age, solicitaron_cambio_tasa, mail_enviado, mail_abierto, potencia...
dttm (2): registration_date, switch_date_sr_to_fx

ℹ Use `spec()` to retrieve the full column specification for this data.
ℹ Specify the column types or set `show_col_types = FALSE` to quiet this message.
`summarise()` has grouped output by 'organization_uuid', 'month'. You can
override using the `.groups` argument.
Warning message:
There was 1 warning in `mutate()`.
ℹ In argument: `fecha_solicito_baja = mdy_hm(fecha_solicito_baja)`.
Caused by warning:
!  10924 failed to parse. 
Warning messages:
1: package 'writexl' was built under R version 4.3.3 
2: package 'randomizr' was built under R version 4.3.3 
Thank you for using fastDummies!
To acknowledge our work, please cite the package:
Kaplan, J. & Schlegel, B. (2023). fastDummies: Fast Creation of Dummy (Binary) Columns and Rows from Categorical Variables. Version 1.7.1. URL: https://github.com/jacobkap/fastDummies, https://jacobkap.github.io/fastDummies/.
[conflicted] Will prefer dplyr::last over any other package.
[conflicted] Removing existing preference.
[conflicted] Will prefer dplyr::filter over any other package.
[1] "accept_fee_2020_09_29"
[1] "accept_fee_cum2020_09_29"
[1] "open_email_2020_09_29"
[1] "open_email_cum2020_09_29"
[1] "open_email_reminder_cum2020_09_29"
[1] "accept_fee_2020_09_30"
[1] "accept_fee_cum2020_09_30"
[1] "open_email_2020_09_30"
[1] "open_email_cum2020_09_30"
[1] "open_email_reminder_cum2020_09_30"
[1] "accept_fee_2020_10_01"
[1] "accept_fee_cum2020_10_01"
[1] "open_email_2020_10_01"
[1] "open_email_cum2020_10_01"
[1] "open_email_reminder_cum2020_10_01"
[1] "accept_fee_2020_10_02"
[1] "accept_fee_cum2020_10_02"
[1] "open_email_2020_10_02"
[1] "open_email_cum2020_10_02"
[1] "open_email_reminder_cum2020_10_02"
[1] "accept_fee_2020_10_03"
[1] "accept_fee_cum2020_10_03"
[1] "open_email_2020_10_03"
[1] "open_email_cum2020_10_03"
[1] "open_email_reminder_cum2020_10_03"
[1] "accept_fee_2020_10_04"
[1] "accept_fee_cum2020_10_04"
[1] "open_email_2020_10_04"
[1] "open_email_cum2020_10_04"
[1] "open_email_reminder_cum2020_10_04"
[1] "accept_fee_2020_10_05"
[1] "accept_fee_cum2020_10_05"
[1] "open_email_2020_10_05"
[1] "open_email_cum2020_10_05"
[1] "open_email_reminder_cum2020_10_05"
[1] "accept_fee_2020_10_06"
[1] "accept_fee_cum2020_10_06"
[1] "open_email_2020_10_06"
[1] "open_email_cum2020_10_06"
[1] "open_email_reminder_cum2020_10_06"
[1] "accept_fee_2020_10_07"
[1] "accept_fee_cum2020_10_07"
[1] "open_email_2020_10_07"
[1] "open_email_cum2020_10_07"
[1] "open_email_reminder_cum2020_10_07"
[1] "accept_fee_2020_10_08"
[1] "accept_fee_cum2020_10_08"
[1] "open_email_2020_10_08"
[1] "open_email_cum2020_10_08"
[1] "open_email_reminder_cum2020_10_08"
[1] "accept_fee_2020_10_09"
[1] "accept_fee_cum2020_10_09"
[1] "open_email_2020_10_09"
[1] "open_email_cum2020_10_09"
[1] "open_email_reminder_cum2020_10_09"
[1] "accept_fee_2020_10_10"
[1] "accept_fee_cum2020_10_10"
[1] "open_email_2020_10_10"
[1] "open_email_cum2020_10_10"
[1] "open_email_reminder_cum2020_10_10"
[1] "accept_fee_2020_10_11"
[1] "accept_fee_cum2020_10_11"
[1] "open_email_2020_10_11"
[1] "open_email_cum2020_10_11"
[1] "open_email_reminder_cum2020_10_11"
[1] "accept_fee_2020_10_12"
[1] "accept_fee_cum2020_10_12"
[1] "open_email_2020_10_12"
[1] "open_email_cum2020_10_12"
[1] "open_email_reminder_cum2020_10_12"
[1] "accept_fee_2020_10_13"
[1] "accept_fee_cum2020_10_13"
[1] "open_email_2020_10_13"
[1] "open_email_cum2020_10_13"
[1] "open_email_reminder_cum2020_10_13"
[1] "accept_fee_2020_10_14"
[1] "accept_fee_cum2020_10_14"
[1] "open_email_2020_10_14"
[1] "open_email_cum2020_10_14"
[1] "open_email_reminder_cum2020_10_14"
[1] "accept_fee_2020_10_15"
[1] "accept_fee_cum2020_10_15"
[1] "open_email_2020_10_15"
[1] "open_email_cum2020_10_15"
[1] "open_email_reminder_cum2020_10_15"
[1] "accept_fee_2020_10_16"
[1] "accept_fee_cum2020_10_16"
[1] "open_email_2020_10_16"
[1] "open_email_cum2020_10_16"
[1] "open_email_reminder_cum2020_10_16"
[1] "accept_fee_2020_10_17"
[1] "accept_fee_cum2020_10_17"
[1] "open_email_2020_10_17"
[1] "open_email_cum2020_10_17"
[1] "open_email_reminder_cum2020_10_17"
[1] "accept_fee_2020_10_18"
[1] "accept_fee_cum2020_10_18"
[1] "open_email_2020_10_18"
[1] "open_email_cum2020_10_18"
[1] "open_email_reminder_cum2020_10_18"
[1] "accept_fee_2020_10_19"
[1] "accept_fee_cum2020_10_19"
[1] "open_email_2020_10_19"
[1] "open_email_cum2020_10_19"
[1] "open_email_reminder_cum2020_10_19"
[1] "accept_fee_2020_10_20"
[1] "accept_fee_cum2020_10_20"
[1] "open_email_2020_10_20"
[1] "open_email_cum2020_10_20"
[1] "open_email_reminder_cum2020_10_20"
[1] "accept_fee_2020_10_21"
[1] "accept_fee_cum2020_10_21"
[1] "open_email_2020_10_21"
[1] "open_email_cum2020_10_21"
[1] "open_email_reminder_cum2020_10_21"
[1] "accept_fee_2020_10_22"
[1] "accept_fee_cum2020_10_22"
[1] "open_email_2020_10_22"
[1] "open_email_cum2020_10_22"
[1] "open_email_reminder_cum2020_10_22"
[1] "accept_fee_2020_10_23"
[1] "accept_fee_cum2020_10_23"
[1] "open_email_2020_10_23"
[1] "open_email_cum2020_10_23"
[1] "open_email_reminder_cum2020_10_23"
[1] "accept_fee_2020_10_24"
[1] "accept_fee_cum2020_10_24"
[1] "open_email_2020_10_24"
[1] "open_email_cum2020_10_24"
[1] "open_email_reminder_cum2020_10_24"
[1] "accept_fee_2020_10_25"
[1] "accept_fee_cum2020_10_25"
[1] "open_email_2020_10_25"
[1] "open_email_cum2020_10_25"
[1] "open_email_reminder_cum2020_10_25"
[1] "accept_fee_2020_10_26"
[1] "accept_fee_cum2020_10_26"
[1] "open_email_2020_10_26"
[1] "open_email_cum2020_10_26"
[1] "open_email_reminder_cum2020_10_26"
[1] "accept_fee_2020_10_27"
[1] "accept_fee_cum2020_10_27"
[1] "open_email_2020_10_27"
[1] "open_email_cum2020_10_27"
[1] "open_email_reminder_cum2020_10_27"
[1] "accept_fee_2020_10_28"
[1] "accept_fee_cum2020_10_28"
[1] "open_email_2020_10_28"
[1] "open_email_cum2020_10_28"
[1] "open_email_reminder_cum2020_10_28"
[1] "accept_fee_2020_10_29"
[1] "accept_fee_cum2020_10_29"
[1] "open_email_2020_10_29"
[1] "open_email_cum2020_10_29"
[1] "open_email_reminder_cum2020_10_29"
[1] "accept_fee_2020_10_30"
[1] "accept_fee_cum2020_10_30"
[1] "open_email_2020_10_30"
[1] "open_email_cum2020_10_30"
[1] "open_email_reminder_cum2020_10_30"
[1] "accept_fee_2020_10_31"
[1] "accept_fee_cum2020_10_31"
[1] "open_email_2020_10_31"
[1] "open_email_cum2020_10_31"
[1] "open_email_reminder_cum2020_10_31"
[1] "accept_fee_2020_11_01"
[1] "accept_fee_cum2020_11_01"
[1] "open_email_2020_11_01"
[1] "open_email_cum2020_11_01"
[1] "open_email_reminder_cum2020_11_01"
[1] "accept_fee_2020_11_02"
[1] "accept_fee_cum2020_11_02"
[1] "open_email_2020_11_02"
[1] "open_email_cum2020_11_02"
[1] "open_email_reminder_cum2020_11_02"
[1] "accept_fee_2020_11_03"
[1] "accept_fee_cum2020_11_03"
[1] "open_email_2020_11_03"
[1] "open_email_cum2020_11_03"
[1] "open_email_reminder_cum2020_11_03"
[1] "accept_fee_2020_11_04"
[1] "accept_fee_cum2020_11_04"
[1] "open_email_2020_11_04"
[1] "open_email_cum2020_11_04"
[1] "open_email_reminder_cum2020_11_04"
[1] "accept_fee_2020_11_05"
[1] "accept_fee_cum2020_11_05"
[1] "open_email_2020_11_05"
[1] "open_email_cum2020_11_05"
[1] "open_email_reminder_cum2020_11_05"
[1] "accept_fee_2020_11_06"
[1] "accept_fee_cum2020_11_06"
[1] "open_email_2020_11_06"
[1] "open_email_cum2020_11_06"
[1] "open_email_reminder_cum2020_11_06"
[1] "accept_fee_2020_11_07"
[1] "accept_fee_cum2020_11_07"
[1] "open_email_2020_11_07"
[1] "open_email_cum2020_11_07"
[1] "open_email_reminder_cum2020_11_07"
[1] "accept_fee_2020_11_08"
[1] "accept_fee_cum2020_11_08"
[1] "open_email_2020_11_08"
[1] "open_email_cum2020_11_08"
[1] "open_email_reminder_cum2020_11_08"
[1] "accept_fee_2020_11_09"
[1] "accept_fee_cum2020_11_09"
[1] "open_email_2020_11_09"
[1] "open_email_cum2020_11_09"
[1] "open_email_reminder_cum2020_11_09"
[1] "accept_fee_2020_11_10"
[1] "accept_fee_cum2020_11_10"
[1] "open_email_2020_11_10"
[1] "open_email_cum2020_11_10"
[1] "open_email_reminder_cum2020_11_10"
[1] "accept_fee_2020_11_11"
[1] "accept_fee_cum2020_11_11"
[1] "open_email_2020_11_11"
[1] "open_email_cum2020_11_11"
[1] "open_email_reminder_cum2020_11_11"
[1] "accept_fee_2020_11_12"
[1] "accept_fee_cum2020_11_12"
[1] "open_email_2020_11_12"
[1] "open_email_cum2020_11_12"
[1] "open_email_reminder_cum2020_11_12"
[1] "accept_fee_2020_11_13"
[1] "accept_fee_cum2020_11_13"
[1] "open_email_2020_11_13"
[1] "open_email_cum2020_11_13"
[1] "open_email_reminder_cum2020_11_13"
[1] "accept_fee_2020_11_14"
[1] "accept_fee_cum2020_11_14"
[1] "open_email_2020_11_14"
[1] "open_email_cum2020_11_14"
[1] "open_email_reminder_cum2020_11_14"
[1] "accept_fee_2020_11_15"
[1] "accept_fee_cum2020_11_15"
[1] "open_email_2020_11_15"
[1] "open_email_cum2020_11_15"
[1] "open_email_reminder_cum2020_11_15"
[1] "accept_fee_2020_11_16"
[1] "accept_fee_cum2020_11_16"
[1] "open_email_2020_11_16"
[1] "open_email_cum2020_11_16"
[1] "open_email_reminder_cum2020_11_16"
[1] "accept_fee_2020_11_17"
[1] "accept_fee_cum2020_11_17"
[1] "open_email_2020_11_17"
[1] "open_email_cum2020_11_17"
[1] "open_email_reminder_cum2020_11_17"
[1] "accept_fee_2020_11_18"
[1] "accept_fee_cum2020_11_18"
[1] "open_email_2020_11_18"
[1] "open_email_cum2020_11_18"
[1] "open_email_reminder_cum2020_11_18"
[1] "accept_fee_2020_11_19"
[1] "accept_fee_cum2020_11_19"
[1] "open_email_2020_11_19"
[1] "open_email_cum2020_11_19"
[1] "open_email_reminder_cum2020_11_19"
[1] "accept_fee_2020_11_20"
[1] "accept_fee_cum2020_11_20"
[1] "open_email_2020_11_20"
[1] "open_email_cum2020_11_20"
[1] "open_email_reminder_cum2020_11_20"
[1] "accept_fee_2020_11_21"
[1] "accept_fee_cum2020_11_21"
[1] "open_email_2020_11_21"
[1] "open_email_cum2020_11_21"
[1] "open_email_reminder_cum2020_11_21"
[1] "accept_fee_2020_11_22"
[1] "accept_fee_cum2020_11_22"
[1] "open_email_2020_11_22"
[1] "open_email_cum2020_11_22"
[1] "open_email_reminder_cum2020_11_22"
[1] "accept_fee_2020_11_23"
[1] "accept_fee_cum2020_11_23"
[1] "open_email_2020_11_23"
[1] "open_email_cum2020_11_23"
[1] "open_email_reminder_cum2020_11_23"
[1] "accept_fee_2020_11_24"
[1] "accept_fee_cum2020_11_24"
[1] "open_email_2020_11_24"
[1] "open_email_cum2020_11_24"
[1] "open_email_reminder_cum2020_11_24"
[1] "accept_fee_2020_11_25"
[1] "accept_fee_cum2020_11_25"
[1] "open_email_2020_11_25"
[1] "open_email_cum2020_11_25"
[1] "open_email_reminder_cum2020_11_25"
[1] "accept_fee_2020_11_26"
[1] "accept_fee_cum2020_11_26"
[1] "open_email_2020_11_26"
[1] "open_email_cum2020_11_26"
[1] "open_email_reminder_cum2020_11_26"
[1] "accept_fee_2020_11_27"
[1] "accept_fee_cum2020_11_27"
[1] "open_email_2020_11_27"
[1] "open_email_cum2020_11_27"
[1] "open_email_reminder_cum2020_11_27"
[1] "accept_fee_2020_11_28"
[1] "accept_fee_cum2020_11_28"
[1] "open_email_2020_11_28"
[1] "open_email_cum2020_11_28"
[1] "open_email_reminder_cum2020_11_28"
[1] "accept_fee_2020_11_29"
[1] "accept_fee_cum2020_11_29"
[1] "open_email_2020_11_29"
[1] "open_email_cum2020_11_29"
[1] "open_email_reminder_cum2020_11_29"
[1] "accept_fee_2020_11_30"
[1] "accept_fee_cum2020_11_30"
[1] "open_email_2020_11_30"
[1] "open_email_cum2020_11_30"
[1] "open_email_reminder_cum2020_11_30"
[1] "accept_fee_2020_12_01"
[1] "accept_fee_cum2020_12_01"
[1] "open_email_2020_12_01"
[1] "open_email_cum2020_12_01"
[1] "open_email_reminder_cum2020_12_01"
[1] "accept_fee_2020_12_02"
[1] "accept_fee_cum2020_12_02"
[1] "open_email_2020_12_02"
[1] "open_email_cum2020_12_02"
[1] "open_email_reminder_cum2020_12_02"
[1] "accept_fee_2020_12_03"
[1] "accept_fee_cum2020_12_03"
[1] "open_email_2020_12_03"
[1] "open_email_cum2020_12_03"
[1] "open_email_reminder_cum2020_12_03"
[1] "accept_fee_2020_12_04"
[1] "accept_fee_cum2020_12_04"
[1] "open_email_2020_12_04"
[1] "open_email_cum2020_12_04"
[1] "open_email_reminder_cum2020_12_04"
[1] "accept_fee_2020_12_05"
[1] "accept_fee_cum2020_12_05"
[1] "open_email_2020_12_05"
[1] "open_email_cum2020_12_05"
[1] "open_email_reminder_cum2020_12_05"
[1] "accept_fee_2020_12_06"
[1] "accept_fee_cum2020_12_06"
[1] "open_email_2020_12_06"
[1] "open_email_cum2020_12_06"
[1] "open_email_reminder_cum2020_12_06"
[1] "accept_fee_2020_12_07"
[1] "accept_fee_cum2020_12_07"
[1] "open_email_2020_12_07"
[1] "open_email_cum2020_12_07"
[1] "open_email_reminder_cum2020_12_07"
[1] "accept_fee_2020_12_08"
[1] "accept_fee_cum2020_12_08"
[1] "open_email_2020_12_08"
[1] "open_email_cum2020_12_08"
[1] "open_email_reminder_cum2020_12_08"
[1] "accept_fee_2020_12_09"
[1] "accept_fee_cum2020_12_09"
[1] "open_email_2020_12_09"
[1] "open_email_cum2020_12_09"
[1] "open_email_reminder_cum2020_12_09"
[1] "accept_fee_2020_12_10"
[1] "accept_fee_cum2020_12_10"
[1] "open_email_2020_12_10"
[1] "open_email_cum2020_12_10"
[1] "open_email_reminder_cum2020_12_10"
[1] "accept_fee_2020_12_11"
[1] "accept_fee_cum2020_12_11"
[1] "open_email_2020_12_11"
[1] "open_email_cum2020_12_11"
[1] "open_email_reminder_cum2020_12_11"
[1] "accept_fee_2020_12_12"
[1] "accept_fee_cum2020_12_12"
[1] "open_email_2020_12_12"
[1] "open_email_cum2020_12_12"
[1] "open_email_reminder_cum2020_12_12"
[1] "accept_fee_2020_12_13"
[1] "accept_fee_cum2020_12_13"
[1] "open_email_2020_12_13"
[1] "open_email_cum2020_12_13"
[1] "open_email_reminder_cum2020_12_13"
[1] "accept_fee_2020_12_14"
[1] "accept_fee_cum2020_12_14"
[1] "open_email_2020_12_14"
[1] "open_email_cum2020_12_14"
[1] "open_email_reminder_cum2020_12_14"
[1] "accept_fee_2020_12_15"
[1] "accept_fee_cum2020_12_15"
[1] "open_email_2020_12_15"
[1] "open_email_cum2020_12_15"
[1] "open_email_reminder_cum2020_12_15"
[1] "accept_fee_2020_12_16"
[1] "accept_fee_cum2020_12_16"
[1] "open_email_2020_12_16"
[1] "open_email_cum2020_12_16"
[1] "open_email_reminder_cum2020_12_16"
[1] "accept_fee_2020_12_17"
[1] "accept_fee_cum2020_12_17"
[1] "open_email_2020_12_17"
[1] "open_email_cum2020_12_17"
[1] "open_email_reminder_cum2020_12_17"
[1] "accept_fee_2020_12_18"
[1] "accept_fee_cum2020_12_18"
[1] "open_email_2020_12_18"
[1] "open_email_cum2020_12_18"
[1] "open_email_reminder_cum2020_12_18"
[1] "accept_fee_2020_12_19"
[1] "accept_fee_cum2020_12_19"
[1] "open_email_2020_12_19"
[1] "open_email_cum2020_12_19"
[1] "open_email_reminder_cum2020_12_19"
[1] "accept_fee_2020_12_20"
[1] "accept_fee_cum2020_12_20"
[1] "open_email_2020_12_20"
[1] "open_email_cum2020_12_20"
[1] "open_email_reminder_cum2020_12_20"
[1] "accept_fee_2020_12_21"
[1] "accept_fee_cum2020_12_21"
[1] "open_email_2020_12_21"
[1] "open_email_cum2020_12_21"
[1] "open_email_reminder_cum2020_12_21"
[1] "accept_fee_2020_12_22"
[1] "accept_fee_cum2020_12_22"
[1] "open_email_2020_12_22"
[1] "open_email_cum2020_12_22"
[1] "open_email_reminder_cum2020_12_22"
[1] "accept_fee_2020_12_23"
[1] "accept_fee_cum2020_12_23"
[1] "open_email_2020_12_23"
[1] "open_email_cum2020_12_23"
[1] "open_email_reminder_cum2020_12_23"
[1] "accept_fee_2020_12_24"
[1] "accept_fee_cum2020_12_24"
[1] "open_email_2020_12_24"
[1] "open_email_cum2020_12_24"
[1] "open_email_reminder_cum2020_12_24"
[1] "accept_fee_2020_12_25"
[1] "accept_fee_cum2020_12_25"
[1] "open_email_2020_12_25"
[1] "open_email_cum2020_12_25"
[1] "open_email_reminder_cum2020_12_25"
[1] "accept_fee_2020_12_26"
[1] "accept_fee_cum2020_12_26"
[1] "open_email_2020_12_26"
[1] "open_email_cum2020_12_26"
[1] "open_email_reminder_cum2020_12_26"
[1] "accept_fee_2020_12_27"
[1] "accept_fee_cum2020_12_27"
[1] "open_email_2020_12_27"
[1] "open_email_cum2020_12_27"
[1] "open_email_reminder_cum2020_12_27"
[1] "accept_fee_2020_12_28"
[1] "accept_fee_cum2020_12_28"
[1] "open_email_2020_12_28"
[1] "open_email_cum2020_12_28"
[1] "open_email_reminder_cum2020_12_28"
[1] "accept_fee_2020_12_29"
[1] "accept_fee_cum2020_12_29"
[1] "open_email_2020_12_29"
[1] "open_email_cum2020_12_29"
[1] "open_email_reminder_cum2020_12_29"
[1] "accept_fee_2020_12_30"
[1] "accept_fee_cum2020_12_30"
[1] "open_email_2020_12_30"
[1] "open_email_cum2020_12_30"
[1] "open_email_reminder_cum2020_12_30"
[1] "accept_fee_2020_12_31"
[1] "accept_fee_cum2020_12_31"
[1] "open_email_2020_12_31"
[1] "open_email_cum2020_12_31"
[1] "open_email_reminder_cum2020_12_31"
[1] "accept_fee_2021_01_01"
[1] "accept_fee_cum2021_01_01"
[1] "open_email_2021_01_01"
[1] "open_email_cum2021_01_01"
[1] "open_email_reminder_cum2021_01_01"
[1] "accept_fee_2021_01_02"
[1] "accept_fee_cum2021_01_02"
[1] "open_email_2021_01_02"
[1] "open_email_cum2021_01_02"
[1] "open_email_reminder_cum2021_01_02"
[1] "accept_fee_2021_01_03"
[1] "accept_fee_cum2021_01_03"
[1] "open_email_2021_01_03"
[1] "open_email_cum2021_01_03"
[1] "open_email_reminder_cum2021_01_03"
[1] "accept_fee_2021_01_04"
[1] "accept_fee_cum2021_01_04"
[1] "open_email_2021_01_04"
[1] "open_email_cum2021_01_04"
[1] "open_email_reminder_cum2021_01_04"
[1] "accept_fee_2021_01_05"
[1] "accept_fee_cum2021_01_05"
[1] "open_email_2021_01_05"
[1] "open_email_cum2021_01_05"
[1] "open_email_reminder_cum2021_01_05"
[1] "accept_fee_2021_01_06"
[1] "accept_fee_cum2021_01_06"
[1] "open_email_2021_01_06"
[1] "open_email_cum2021_01_06"
[1] "open_email_reminder_cum2021_01_06"
[1] "accept_fee_2021_01_07"
[1] "accept_fee_cum2021_01_07"
[1] "open_email_2021_01_07"
[1] "open_email_cum2021_01_07"
[1] "open_email_reminder_cum2021_01_07"
[1] "accept_fee_2021_01_08"
[1] "accept_fee_cum2021_01_08"
[1] "open_email_2021_01_08"
[1] "open_email_cum2021_01_08"
[1] "open_email_reminder_cum2021_01_08"
[1] "accept_fee_2021_01_09"
[1] "accept_fee_cum2021_01_09"
[1] "open_email_2021_01_09"
[1] "open_email_cum2021_01_09"
[1] "open_email_reminder_cum2021_01_09"
[1] "accept_fee_2021_01_10"
[1] "accept_fee_cum2021_01_10"
[1] "open_email_2021_01_10"
[1] "open_email_cum2021_01_10"
[1] "open_email_reminder_cum2021_01_10"
[1] "accept_fee_2021_01_11"
[1] "accept_fee_cum2021_01_11"
[1] "open_email_2021_01_11"
[1] "open_email_cum2021_01_11"
[1] "open_email_reminder_cum2021_01_11"
[1] "accept_fee_2021_01_12"
[1] "accept_fee_cum2021_01_12"
[1] "open_email_2021_01_12"
[1] "open_email_cum2021_01_12"
[1] "open_email_reminder_cum2021_01_12"
[1] "accept_fee_2021_01_13"
[1] "accept_fee_cum2021_01_13"
[1] "open_email_2021_01_13"
[1] "open_email_cum2021_01_13"
[1] "open_email_reminder_cum2021_01_13"
[1] "accept_fee_2021_01_14"
[1] "accept_fee_cum2021_01_14"
[1] "open_email_2021_01_14"
[1] "open_email_cum2021_01_14"
[1] "open_email_reminder_cum2021_01_14"
[1] "accept_fee_2021_01_15"
[1] "accept_fee_cum2021_01_15"
[1] "open_email_2021_01_15"
[1] "open_email_cum2021_01_15"
[1] "open_email_reminder_cum2021_01_15"
[1] "accept_fee_2021_01_16"
[1] "accept_fee_cum2021_01_16"
[1] "open_email_2021_01_16"
[1] "open_email_cum2021_01_16"
[1] "open_email_reminder_cum2021_01_16"
[1] "accept_fee_2021_01_17"
[1] "accept_fee_cum2021_01_17"
[1] "open_email_2021_01_17"
[1] "open_email_cum2021_01_17"
[1] "open_email_reminder_cum2021_01_17"
[1] "accept_fee_2021_01_18"
[1] "accept_fee_cum2021_01_18"
[1] "open_email_2021_01_18"
[1] "open_email_cum2021_01_18"
[1] "open_email_reminder_cum2021_01_18"
[1] "accept_fee_2021_01_19"
[1] "accept_fee_cum2021_01_19"
[1] "open_email_2021_01_19"
[1] "open_email_cum2021_01_19"
[1] "open_email_reminder_cum2021_01_19"
[1] "accept_fee_2021_01_20"
[1] "accept_fee_cum2021_01_20"
[1] "open_email_2021_01_20"
[1] "open_email_cum2021_01_20"
[1] "open_email_reminder_cum2021_01_20"
[1] "accept_fee_2021_01_21"
[1] "accept_fee_cum2021_01_21"
[1] "open_email_2021_01_21"
[1] "open_email_cum2021_01_21"
[1] "open_email_reminder_cum2021_01_21"
[1] "accept_fee_2021_01_22"
[1] "accept_fee_cum2021_01_22"
[1] "open_email_2021_01_22"
[1] "open_email_cum2021_01_22"
[1] "open_email_reminder_cum2021_01_22"
[1] "accept_fee_2021_01_23"
[1] "accept_fee_cum2021_01_23"
[1] "open_email_2021_01_23"
[1] "open_email_cum2021_01_23"
[1] "open_email_reminder_cum2021_01_23"
[1] "accept_fee_2021_01_24"
[1] "accept_fee_cum2021_01_24"
[1] "open_email_2021_01_24"
[1] "open_email_cum2021_01_24"
[1] "open_email_reminder_cum2021_01_24"
[1] "accept_fee_2021_01_25"
[1] "accept_fee_cum2021_01_25"
[1] "open_email_2021_01_25"
[1] "open_email_cum2021_01_25"
[1] "open_email_reminder_cum2021_01_25"
[1] "accept_fee_2021_01_26"
[1] "accept_fee_cum2021_01_26"
[1] "open_email_2021_01_26"
[1] "open_email_cum2021_01_26"
[1] "open_email_reminder_cum2021_01_26"
[1] "accept_fee_2021_01_27"
[1] "accept_fee_cum2021_01_27"
[1] "open_email_2021_01_27"
[1] "open_email_cum2021_01_27"
[1] "open_email_reminder_cum2021_01_27"
[1] "accept_fee_2021_01_28"
[1] "accept_fee_cum2021_01_28"
[1] "open_email_2021_01_28"
[1] "open_email_cum2021_01_28"
[1] "open_email_reminder_cum2021_01_28"
[1] "accept_fee_2021_01_29"
[1] "accept_fee_cum2021_01_29"
[1] "open_email_2021_01_29"
[1] "open_email_cum2021_01_29"
[1] "open_email_reminder_cum2021_01_29"
[1] "accept_fee_2021_01_30"
[1] "accept_fee_cum2021_01_30"
[1] "open_email_2021_01_30"
[1] "open_email_cum2021_01_30"
[1] "open_email_reminder_cum2021_01_30"
[1] "accept_fee_2021_01_31"
[1] "accept_fee_cum2021_01_31"
[1] "open_email_2021_01_31"
[1] "open_email_cum2021_01_31"
[1] "open_email_reminder_cum2021_01_31"
[1] "accept_fee_2021_02_01"
[1] "accept_fee_cum2021_02_01"
[1] "open_email_2021_02_01"
[1] "open_email_cum2021_02_01"
[1] "open_email_reminder_cum2021_02_01"
[1] "accept_fee_2021_02_02"
[1] "accept_fee_cum2021_02_02"
[1] "open_email_2021_02_02"
[1] "open_email_cum2021_02_02"
[1] "open_email_reminder_cum2021_02_02"
[1] "accept_fee_2021_02_03"
[1] "accept_fee_cum2021_02_03"
[1] "open_email_2021_02_03"
[1] "open_email_cum2021_02_03"
[1] "open_email_reminder_cum2021_02_03"
[1] "accept_fee_2021_02_04"
[1] "accept_fee_cum2021_02_04"
[1] "open_email_2021_02_04"
[1] "open_email_cum2021_02_04"
[1] "open_email_reminder_cum2021_02_04"
[1] "accept_fee_2021_02_05"
[1] "accept_fee_cum2021_02_05"
[1] "open_email_2021_02_05"
[1] "open_email_cum2021_02_05"
[1] "open_email_reminder_cum2021_02_05"
[1] "accept_fee_2021_02_06"
[1] "accept_fee_cum2021_02_06"
[1] "open_email_2021_02_06"
[1] "open_email_cum2021_02_06"
[1] "open_email_reminder_cum2021_02_06"
[1] "accept_fee_2021_02_07"
[1] "accept_fee_cum2021_02_07"
[1] "open_email_2021_02_07"
[1] "open_email_cum2021_02_07"
[1] "open_email_reminder_cum2021_02_07"
[1] "accept_fee_2021_02_08"
[1] "accept_fee_cum2021_02_08"
[1] "open_email_2021_02_08"
[1] "open_email_cum2021_02_08"
[1] "open_email_reminder_cum2021_02_08"
[1] "accept_fee_2021_02_09"
[1] "accept_fee_cum2021_02_09"
[1] "open_email_2021_02_09"
[1] "open_email_cum2021_02_09"
[1] "open_email_reminder_cum2021_02_09"
[1] "accept_fee_2021_02_10"
[1] "accept_fee_cum2021_02_10"
[1] "open_email_2021_02_10"
[1] "open_email_cum2021_02_10"
[1] "open_email_reminder_cum2021_02_10"
[1] "accept_fee_2021_02_11"
[1] "accept_fee_cum2021_02_11"
[1] "open_email_2021_02_11"
[1] "open_email_cum2021_02_11"
[1] "open_email_reminder_cum2021_02_11"
[1] "accept_fee_2021_02_12"
[1] "accept_fee_cum2021_02_12"
[1] "open_email_2021_02_12"
[1] "open_email_cum2021_02_12"
[1] "open_email_reminder_cum2021_02_12"
[1] "accept_fee_2021_02_13"
[1] "accept_fee_cum2021_02_13"
[1] "open_email_2021_02_13"
[1] "open_email_cum2021_02_13"
[1] "open_email_reminder_cum2021_02_13"
[1] "accept_fee_2021_02_14"
[1] "accept_fee_cum2021_02_14"
[1] "open_email_2021_02_14"
[1] "open_email_cum2021_02_14"
[1] "open_email_reminder_cum2021_02_14"
[1] "accept_fee_2021_02_15"
[1] "accept_fee_cum2021_02_15"
[1] "open_email_2021_02_15"
[1] "open_email_cum2021_02_15"
[1] "open_email_reminder_cum2021_02_15"
[1] "accept_fee_2021_02_16"
[1] "accept_fee_cum2021_02_16"
[1] "open_email_2021_02_16"
[1] "open_email_cum2021_02_16"
[1] "open_email_reminder_cum2021_02_16"
[1] "accept_fee_2021_02_17"
[1] "accept_fee_cum2021_02_17"
[1] "open_email_2021_02_17"
[1] "open_email_cum2021_02_17"
[1] "open_email_reminder_cum2021_02_17"
[1] "accept_fee_2021_02_18"
[1] "accept_fee_cum2021_02_18"
[1] "open_email_2021_02_18"
[1] "open_email_cum2021_02_18"
[1] "open_email_reminder_cum2021_02_18"
[1] "accept_fee_2021_02_19"
[1] "accept_fee_cum2021_02_19"
[1] "open_email_2021_02_19"
[1] "open_email_cum2021_02_19"
[1] "open_email_reminder_cum2021_02_19"
[1] "accept_fee_2021_02_20"
[1] "accept_fee_cum2021_02_20"
[1] "open_email_2021_02_20"
[1] "open_email_cum2021_02_20"
[1] "open_email_reminder_cum2021_02_20"
[1] "accept_fee_2021_02_21"
[1] "accept_fee_cum2021_02_21"
[1] "open_email_2021_02_21"
[1] "open_email_cum2021_02_21"
[1] "open_email_reminder_cum2021_02_21"
[1] "accept_fee_2021_02_22"
[1] "accept_fee_cum2021_02_22"
[1] "open_email_2021_02_22"
[1] "open_email_cum2021_02_22"
[1] "open_email_reminder_cum2021_02_22"
[1] "accept_fee_2021_02_23"
[1] "accept_fee_cum2021_02_23"
[1] "open_email_2021_02_23"
[1] "open_email_cum2021_02_23"
[1] "open_email_reminder_cum2021_02_23"
[1] "accept_fee_2021_02_24"
[1] "accept_fee_cum2021_02_24"
[1] "open_email_2021_02_24"
[1] "open_email_cum2021_02_24"
[1] "open_email_reminder_cum2021_02_24"
[1] "accept_fee_2021_02_25"
[1] "accept_fee_cum2021_02_25"
[1] "open_email_2021_02_25"
[1] "open_email_cum2021_02_25"
[1] "open_email_reminder_cum2021_02_25"
[1] "accept_fee_2021_02_26"
[1] "accept_fee_cum2021_02_26"
[1] "open_email_2021_02_26"
[1] "open_email_cum2021_02_26"
[1] "open_email_reminder_cum2021_02_26"
[1] "accept_fee_2021_02_27"
[1] "accept_fee_cum2021_02_27"
[1] "open_email_2021_02_27"
[1] "open_email_cum2021_02_27"
[1] "open_email_reminder_cum2021_02_27"
[1] "accept_fee_2021_02_28"
[1] "accept_fee_cum2021_02_28"
[1] "open_email_2021_02_28"
[1] "open_email_cum2021_02_28"
[1] "open_email_reminder_cum2021_02_28"
[1] "accept_fee_2021_03_01"
[1] "accept_fee_cum2021_03_01"
[1] "open_email_2021_03_01"
[1] "open_email_cum2021_03_01"
[1] "open_email_reminder_cum2021_03_01"
[1] "accept_fee_2021_03_02"
[1] "accept_fee_cum2021_03_02"
[1] "open_email_2021_03_02"
[1] "open_email_cum2021_03_02"
[1] "open_email_reminder_cum2021_03_02"
[1] "accept_fee_2021_03_03"
[1] "accept_fee_cum2021_03_03"
[1] "open_email_2021_03_03"
[1] "open_email_cum2021_03_03"
[1] "open_email_reminder_cum2021_03_03"
[1] "accept_fee_2021_03_04"
[1] "accept_fee_cum2021_03_04"
[1] "open_email_2021_03_04"
[1] "open_email_cum2021_03_04"
[1] "open_email_reminder_cum2021_03_04"
[1] "accept_fee_2021_03_05"
[1] "accept_fee_cum2021_03_05"
[1] "open_email_2021_03_05"
[1] "open_email_cum2021_03_05"
[1] "open_email_reminder_cum2021_03_05"
[1] "accept_fee_2021_03_06"
[1] "accept_fee_cum2021_03_06"
[1] "open_email_2021_03_06"
[1] "open_email_cum2021_03_06"
[1] "open_email_reminder_cum2021_03_06"
[1] "accept_fee_2021_03_07"
[1] "accept_fee_cum2021_03_07"
[1] "open_email_2021_03_07"
[1] "open_email_cum2021_03_07"
[1] "open_email_reminder_cum2021_03_07"
[1] "accept_fee_2021_03_08"
[1] "accept_fee_cum2021_03_08"
[1] "open_email_2021_03_08"
[1] "open_email_cum2021_03_08"
[1] "open_email_reminder_cum2021_03_08"
[1] "accept_fee_2021_03_09"
[1] "accept_fee_cum2021_03_09"
[1] "open_email_2021_03_09"
[1] "open_email_cum2021_03_09"
[1] "open_email_reminder_cum2021_03_09"
[1] "accept_fee_2021_03_10"
[1] "accept_fee_cum2021_03_10"
[1] "open_email_2021_03_10"
[1] "open_email_cum2021_03_10"
[1] "open_email_reminder_cum2021_03_10"
[1] "accept_fee_2021_03_11"
[1] "accept_fee_cum2021_03_11"
[1] "open_email_2021_03_11"
[1] "open_email_cum2021_03_11"
[1] "open_email_reminder_cum2021_03_11"
[1] "accept_fee_2021_03_12"
[1] "accept_fee_cum2021_03_12"
[1] "open_email_2021_03_12"
[1] "open_email_cum2021_03_12"
[1] "open_email_reminder_cum2021_03_12"
[1] "accept_fee_2021_03_13"
[1] "accept_fee_cum2021_03_13"
[1] "open_email_2021_03_13"
[1] "open_email_cum2021_03_13"
[1] "open_email_reminder_cum2021_03_13"
[1] "accept_fee_2021_03_14"
[1] "accept_fee_cum2021_03_14"
[1] "open_email_2021_03_14"
[1] "open_email_cum2021_03_14"
[1] "open_email_reminder_cum2021_03_14"
[1] "accept_fee_2021_03_15"
[1] "accept_fee_cum2021_03_15"
[1] "open_email_2021_03_15"
[1] "open_email_cum2021_03_15"
[1] "open_email_reminder_cum2021_03_15"
[1] "accept_fee_2021_03_16"
[1] "accept_fee_cum2021_03_16"
[1] "open_email_2021_03_16"
[1] "open_email_cum2021_03_16"
[1] "open_email_reminder_cum2021_03_16"
[1] "accept_fee_2021_03_17"
[1] "accept_fee_cum2021_03_17"
[1] "open_email_2021_03_17"
[1] "open_email_cum2021_03_17"
[1] "open_email_reminder_cum2021_03_17"
There were 11 warnings (use warnings() to see them)
^C^C